CRITICAL - 2025-12-24 02:44:37 --> CodeIgniter\View\Exceptions\ViewException: Invalid file: "admin/plans/add_form.php"
[Method: GET, Route: admin/dashboard]
in SYSTEMPATH\Exceptions\FrameworkException.php on line 39.
 1 SYSTEMPATH\View\View.php(214): CodeIgniter\Exceptions\FrameworkException::forInvalidFile('admin/plans/add_form.php')
 2 SYSTEMPATH\Common.php(1199): CodeIgniter\View\View->render('admin/plans/add_form', [], true)
 3 APPPATH\Views\admin\dashboard.php(45): view('admin/plans/add_form')
 4 SYSTEMPATH\View\View.php(226): include('C:\\xampp\\htdocs\\chits\\app\\Views\\admin\\dashboard.php')
 5 SYSTEMPATH\View\View.php(229): CodeIgniter\View\View->CodeIgniter\View\{closure}()
 6 SYSTEMPATH\Common.php(1199): CodeIgniter\View\View->render('admin/dashboard', [], true)
 7 APPPATH\Controllers\Admin\Dashboard.php(20): view('admin/dashboard', [...])
 8 SYSTEMPATH\CodeIgniter.php(933): App\Controllers\Admin\Dashboard->index()
 9 SYSTEMPATH\CodeIgniter.php(507): CodeIgniter\CodeIgniter->runController(Object(App\Controllers\Admin\Dashboard))
10 SYSTEMPATH\CodeIgniter.php(354): CodeIgniter\CodeIgniter->handleRequest(null, Object(Config\Cache), false)
11 SYSTEMPATH\Boot.php(363): CodeIgniter\CodeIgniter->run()
12 SYSTEMPATH\Boot.php(68): CodeIgniter\Boot::runCodeIgniter(Object(CodeIgniter\CodeIgniter))
13 FCPATH\index.php(59): CodeIgniter\Boot::bootWeb(Object(Config\Paths))
CRITICAL - 2025-12-24 02:45:10 --> CodeIgniter\View\Exceptions\ViewException: Invalid file: "admin/plans/add_form.php"
[Method: GET, Route: admin/dashboard]
in SYSTEMPATH\Exceptions\FrameworkException.php on line 39.
 1 SYSTEMPATH\View\View.php(214): CodeIgniter\Exceptions\FrameworkException::forInvalidFile('admin/plans/add_form.php')
 2 SYSTEMPATH\Common.php(1199): CodeIgniter\View\View->render('admin/plans/add_form', [], true)
 3 APPPATH\Views\admin\dashboard.php(45): view('admin/plans/add_form')
 4 SYSTEMPATH\View\View.php(226): include('C:\\xampp\\htdocs\\chits\\app\\Views\\admin\\dashboard.php')
 5 SYSTEMPATH\View\View.php(229): CodeIgniter\View\View->CodeIgniter\View\{closure}()
 6 SYSTEMPATH\Common.php(1199): CodeIgniter\View\View->render('admin/dashboard', [], true)
 7 APPPATH\Controllers\Admin\Dashboard.php(20): view('admin/dashboard', [...])
 8 SYSTEMPATH\CodeIgniter.php(933): App\Controllers\Admin\Dashboard->index()
 9 SYSTEMPATH\CodeIgniter.php(507): CodeIgniter\CodeIgniter->runController(Object(App\Controllers\Admin\Dashboard))
10 SYSTEMPATH\CodeIgniter.php(354): CodeIgniter\CodeIgniter->handleRequest(null, Object(Config\Cache), false)
11 SYSTEMPATH\Boot.php(363): CodeIgniter\CodeIgniter->run()
12 SYSTEMPATH\Boot.php(68): CodeIgniter\Boot::runCodeIgniter(Object(CodeIgniter\CodeIgniter))
13 FCPATH\index.php(59): CodeIgniter\Boot::bootWeb(Object(Config\Paths))
CRITICAL - 2025-12-24 02:45:34 --> CodeIgniter\View\Exceptions\ViewException: Invalid file: "admin/plans/add_form.php"
[Method: GET, Route: admin/dashboard]
in SYSTEMPATH\Exceptions\FrameworkException.php on line 39.
 1 SYSTEMPATH\View\View.php(214): CodeIgniter\Exceptions\FrameworkException::forInvalidFile('admin/plans/add_form.php')
 2 SYSTEMPATH\Common.php(1199): CodeIgniter\View\View->render('admin/plans/add_form', [], true)
 3 APPPATH\Views\admin\dashboard.php(45): view('admin/plans/add_form')
 4 SYSTEMPATH\View\View.php(226): include('C:\\xampp\\htdocs\\chits\\app\\Views\\admin\\dashboard.php')
 5 SYSTEMPATH\View\View.php(229): CodeIgniter\View\View->CodeIgniter\View\{closure}()
 6 SYSTEMPATH\Common.php(1199): CodeIgniter\View\View->render('admin/dashboard', [], true)
 7 APPPATH\Controllers\Admin\Dashboard.php(20): view('admin/dashboard', [...])
 8 SYSTEMPATH\CodeIgniter.php(933): App\Controllers\Admin\Dashboard->index()
 9 SYSTEMPATH\CodeIgniter.php(507): CodeIgniter\CodeIgniter->runController(Object(App\Controllers\Admin\Dashboard))
10 SYSTEMPATH\CodeIgniter.php(354): CodeIgniter\CodeIgniter->handleRequest(null, Object(Config\Cache), false)
11 SYSTEMPATH\Boot.php(363): CodeIgniter\CodeIgniter->run()
12 SYSTEMPATH\Boot.php(68): CodeIgniter\Boot::runCodeIgniter(Object(CodeIgniter\CodeIgniter))
13 FCPATH\index.php(59): CodeIgniter\Boot::bootWeb(Object(Config\Paths))
CRITICAL - 2025-12-24 02:47:11 --> CodeIgniter\View\Exceptions\ViewException: Invalid file: "admin/plans/add_form.php"
[Method: GET, Route: admin/dashboard]
in SYSTEMPATH\Exceptions\FrameworkException.php on line 39.
 1 SYSTEMPATH\View\View.php(214): CodeIgniter\Exceptions\FrameworkException::forInvalidFile('admin/plans/add_form.php')
 2 SYSTEMPATH\Common.php(1199): CodeIgniter\View\View->render('admin/plans/add_form', [], true)
 3 APPPATH\Views\admin\dashboard.php(45): view('admin/plans/add_form')
 4 SYSTEMPATH\View\View.php(226): include('C:\\xampp\\htdocs\\chits\\app\\Views\\admin\\dashboard.php')
 5 SYSTEMPATH\View\View.php(229): CodeIgniter\View\View->CodeIgniter\View\{closure}()
 6 SYSTEMPATH\Common.php(1199): CodeIgniter\View\View->render('admin/dashboard', [], true)
 7 APPPATH\Controllers\Admin\Dashboard.php(20): view('admin/dashboard', [...])
 8 SYSTEMPATH\CodeIgniter.php(933): App\Controllers\Admin\Dashboard->index()
 9 SYSTEMPATH\CodeIgniter.php(507): CodeIgniter\CodeIgniter->runController(Object(App\Controllers\Admin\Dashboard))
10 SYSTEMPATH\CodeIgniter.php(354): CodeIgniter\CodeIgniter->handleRequest(null, Object(Config\Cache), false)
11 SYSTEMPATH\Boot.php(363): CodeIgniter\CodeIgniter->run()
12 SYSTEMPATH\Boot.php(68): CodeIgniter\Boot::runCodeIgniter(Object(CodeIgniter\CodeIgniter))
13 FCPATH\index.php(59): CodeIgniter\Boot::bootWeb(Object(Config\Paths))
CRITICAL - 2025-12-24 02:51:43 --> CodeIgniter\View\Exceptions\ViewException: Invalid file: "admin/plans/add_form.php"
[Method: GET, Route: admin/dashboard]
in SYSTEMPATH\Exceptions\FrameworkException.php on line 39.
 1 SYSTEMPATH\View\View.php(214): CodeIgniter\Exceptions\FrameworkException::forInvalidFile('admin/plans/add_form.php')
 2 SYSTEMPATH\Common.php(1199): CodeIgniter\View\View->render('admin/plans/add_form', [], true)
 3 APPPATH\Views\admin\dashboard.php(45): view('admin/plans/add_form')
 4 SYSTEMPATH\View\View.php(226): include('C:\\xampp\\htdocs\\chits\\app\\Views\\admin\\dashboard.php')
 5 SYSTEMPATH\View\View.php(229): CodeIgniter\View\View->CodeIgniter\View\{closure}()
 6 SYSTEMPATH\Common.php(1199): CodeIgniter\View\View->render('admin/dashboard', [], true)
 7 APPPATH\Controllers\Admin\Dashboard.php(20): view('admin/dashboard', [...])
 8 SYSTEMPATH\CodeIgniter.php(933): App\Controllers\Admin\Dashboard->index()
 9 SYSTEMPATH\CodeIgniter.php(507): CodeIgniter\CodeIgniter->runController(Object(App\Controllers\Admin\Dashboard))
10 SYSTEMPATH\CodeIgniter.php(354): CodeIgniter\CodeIgniter->handleRequest(null, Object(Config\Cache), false)
11 SYSTEMPATH\Boot.php(363): CodeIgniter\CodeIgniter->run()
12 SYSTEMPATH\Boot.php(68): CodeIgniter\Boot::runCodeIgniter(Object(CodeIgniter\CodeIgniter))
13 FCPATH\index.php(59): CodeIgniter\Boot::bootWeb(Object(Config\Paths))
CRITICAL - 2025-12-24 04:52:27 --> CodeIgniter\View\Exceptions\ViewException: Invalid file: "admin/plans/add_form.php"
[Method: GET, Route: admin/dashboard]
in SYSTEMPATH\Exceptions\FrameworkException.php on line 39.
 1 SYSTEMPATH\View\View.php(214): CodeIgniter\Exceptions\FrameworkException::forInvalidFile('admin/plans/add_form.php')
 2 SYSTEMPATH\Common.php(1199): CodeIgniter\View\View->render('admin/plans/add_form', [], true)
 3 APPPATH\Views\admin\dashboard.php(45): view('admin/plans/add_form')
 4 SYSTEMPATH\View\View.php(226): include('C:\\xampp\\htdocs\\chits\\app\\Views\\admin\\dashboard.php')
 5 SYSTEMPATH\View\View.php(229): CodeIgniter\View\View->CodeIgniter\View\{closure}()
 6 SYSTEMPATH\Common.php(1199): CodeIgniter\View\View->render('admin/dashboard', [], true)
 7 APPPATH\Controllers\Admin\Dashboard.php(20): view('admin/dashboard', [...])
 8 SYSTEMPATH\CodeIgniter.php(933): App\Controllers\Admin\Dashboard->index()
 9 SYSTEMPATH\CodeIgniter.php(507): CodeIgniter\CodeIgniter->runController(Object(App\Controllers\Admin\Dashboard))
10 SYSTEMPATH\CodeIgniter.php(354): CodeIgniter\CodeIgniter->handleRequest(null, Object(Config\Cache), false)
11 SYSTEMPATH\Boot.php(363): CodeIgniter\CodeIgniter->run()
12 SYSTEMPATH\Boot.php(68): CodeIgniter\Boot::runCodeIgniter(Object(CodeIgniter\CodeIgniter))
13 FCPATH\index.php(59): CodeIgniter\Boot::bootWeb(Object(Config\Paths))
CRITICAL - 2025-12-24 04:57:52 --> CodeIgniter\View\Exceptions\ViewException: Invalid file: "admin/plans/add_form.php"
[Method: GET, Route: admin/dashboard]
in SYSTEMPATH\Exceptions\FrameworkException.php on line 39.
 1 SYSTEMPATH\View\View.php(214): CodeIgniter\Exceptions\FrameworkException::forInvalidFile('admin/plans/add_form.php')
 2 SYSTEMPATH\Common.php(1199): CodeIgniter\View\View->render('admin/plans/add_form', [], true)
 3 APPPATH\Views\admin\dashboard.php(45): view('admin/plans/add_form')
 4 SYSTEMPATH\View\View.php(226): include('C:\\xampp\\htdocs\\chits\\app\\Views\\admin\\dashboard.php')
 5 SYSTEMPATH\View\View.php(229): CodeIgniter\View\View->CodeIgniter\View\{closure}()
 6 SYSTEMPATH\Common.php(1199): CodeIgniter\View\View->render('admin/dashboard', [], true)
 7 APPPATH\Controllers\Admin\Dashboard.php(20): view('admin/dashboard', [...])
 8 SYSTEMPATH\CodeIgniter.php(933): App\Controllers\Admin\Dashboard->index()
 9 SYSTEMPATH\CodeIgniter.php(507): CodeIgniter\CodeIgniter->runController(Object(App\Controllers\Admin\Dashboard))
10 SYSTEMPATH\CodeIgniter.php(354): CodeIgniter\CodeIgniter->handleRequest(null, Object(Config\Cache), false)
11 SYSTEMPATH\Boot.php(363): CodeIgniter\CodeIgniter->run()
12 SYSTEMPATH\Boot.php(68): CodeIgniter\Boot::runCodeIgniter(Object(CodeIgniter\CodeIgniter))
13 FCPATH\index.php(59): CodeIgniter\Boot::bootWeb(Object(Config\Paths))
CRITICAL - 2025-12-24 04:58:24 --> CodeIgniter\View\Exceptions\ViewException: Invalid file: "admin/plans/add_form.php"
[Method: GET, Route: admin/dashboard]
in SYSTEMPATH\Exceptions\FrameworkException.php on line 39.
 1 SYSTEMPATH\View\View.php(214): CodeIgniter\Exceptions\FrameworkException::forInvalidFile('admin/plans/add_form.php')
 2 SYSTEMPATH\Common.php(1199): CodeIgniter\View\View->render('admin/plans/add_form', [], true)
 3 APPPATH\Views\admin\dashboard.php(45): view('admin/plans/add_form')
 4 SYSTEMPATH\View\View.php(226): include('C:\\xampp\\htdocs\\chits\\app\\Views\\admin\\dashboard.php')
 5 SYSTEMPATH\View\View.php(229): CodeIgniter\View\View->CodeIgniter\View\{closure}()
 6 SYSTEMPATH\Common.php(1199): CodeIgniter\View\View->render('admin/dashboard', [], true)
 7 APPPATH\Controllers\Admin\Dashboard.php(20): view('admin/dashboard', [...])
 8 SYSTEMPATH\CodeIgniter.php(933): App\Controllers\Admin\Dashboard->index()
 9 SYSTEMPATH\CodeIgniter.php(507): CodeIgniter\CodeIgniter->runController(Object(App\Controllers\Admin\Dashboard))
10 SYSTEMPATH\CodeIgniter.php(354): CodeIgniter\CodeIgniter->handleRequest(null, Object(Config\Cache), false)
11 SYSTEMPATH\Boot.php(363): CodeIgniter\CodeIgniter->run()
12 SYSTEMPATH\Boot.php(68): CodeIgniter\Boot::runCodeIgniter(Object(CodeIgniter\CodeIgniter))
13 FCPATH\index.php(59): CodeIgniter\Boot::bootWeb(Object(Config\Paths))
CRITICAL - 2025-12-24 05:03:15 --> CodeIgniter\View\Exceptions\ViewException: Invalid file: "admin/plans/list_table.php"
[Method: GET, Route: admin/dashboard]
in SYSTEMPATH\Exceptions\FrameworkException.php on line 39.
 1 SYSTEMPATH\View\View.php(214): CodeIgniter\Exceptions\FrameworkException::forInvalidFile('admin/plans/list_table.php')
 2 SYSTEMPATH\Common.php(1199): CodeIgniter\View\View->render('admin/plans/list_table', [], true)
 3 APPPATH\Views\admin\dashboard.php(50): view('admin/plans/list_table', [...])
 4 SYSTEMPATH\View\View.php(226): include('C:\\xampp\\htdocs\\chits\\app\\Views\\admin\\dashboard.php')
 5 SYSTEMPATH\View\View.php(229): CodeIgniter\View\View->CodeIgniter\View\{closure}()
 6 SYSTEMPATH\Common.php(1199): CodeIgniter\View\View->render('admin/dashboard', [], true)
 7 APPPATH\Controllers\Admin\Dashboard.php(20): view('admin/dashboard', [...])
 8 SYSTEMPATH\CodeIgniter.php(933): App\Controllers\Admin\Dashboard->index()
 9 SYSTEMPATH\CodeIgniter.php(507): CodeIgniter\CodeIgniter->runController(Object(App\Controllers\Admin\Dashboard))
10 SYSTEMPATH\CodeIgniter.php(354): CodeIgniter\CodeIgniter->handleRequest(null, Object(Config\Cache), false)
11 SYSTEMPATH\Boot.php(363): CodeIgniter\CodeIgniter->run()
12 SYSTEMPATH\Boot.php(68): CodeIgniter\Boot::runCodeIgniter(Object(CodeIgniter\CodeIgniter))
13 FCPATH\index.php(59): CodeIgniter\Boot::bootWeb(Object(Config\Paths))
CRITICAL - 2025-12-24 05:07:39 --> CodeIgniter\View\Exceptions\ViewException: Invalid file: "admin/plans/list_table.php"
[Method: GET, Route: admin/dashboard]
in SYSTEMPATH\Exceptions\FrameworkException.php on line 39.
 1 SYSTEMPATH\View\View.php(214): CodeIgniter\Exceptions\FrameworkException::forInvalidFile('admin/plans/list_table.php')
 2 SYSTEMPATH\Common.php(1199): CodeIgniter\View\View->render('admin/plans/list_table', [], true)
 3 APPPATH\Views\admin\dashboard.php(50): view('admin/plans/list_table', [...])
 4 SYSTEMPATH\View\View.php(226): include('C:\\xampp\\htdocs\\chits\\app\\Views\\admin\\dashboard.php')
 5 SYSTEMPATH\View\View.php(229): CodeIgniter\View\View->CodeIgniter\View\{closure}()
 6 SYSTEMPATH\Common.php(1199): CodeIgniter\View\View->render('admin/dashboard', [], true)
 7 APPPATH\Controllers\Admin\Dashboard.php(20): view('admin/dashboard', [...])
 8 SYSTEMPATH\CodeIgniter.php(933): App\Controllers\Admin\Dashboard->index()
 9 SYSTEMPATH\CodeIgniter.php(507): CodeIgniter\CodeIgniter->runController(Object(App\Controllers\Admin\Dashboard))
10 SYSTEMPATH\CodeIgniter.php(354): CodeIgniter\CodeIgniter->handleRequest(null, Object(Config\Cache), false)
11 SYSTEMPATH\Boot.php(363): CodeIgniter\CodeIgniter->run()
12 SYSTEMPATH\Boot.php(68): CodeIgniter\Boot::runCodeIgniter(Object(CodeIgniter\CodeIgniter))
13 FCPATH\index.php(59): CodeIgniter\Boot::bootWeb(Object(Config\Paths))
CRITICAL - 2025-12-24 05:07:39 --> CodeIgniter\View\Exceptions\ViewException: Invalid file: "admin/plans/list_table.php"
[Method: GET, Route: admin/dashboard]
in SYSTEMPATH\Exceptions\FrameworkException.php on line 39.
 1 SYSTEMPATH\View\View.php(214): CodeIgniter\Exceptions\FrameworkException::forInvalidFile('admin/plans/list_table.php')
 2 SYSTEMPATH\Common.php(1199): CodeIgniter\View\View->render('admin/plans/list_table', [], true)
 3 APPPATH\Views\admin\dashboard.php(50): view('admin/plans/list_table', [...])
 4 SYSTEMPATH\View\View.php(226): include('C:\\xampp\\htdocs\\chits\\app\\Views\\admin\\dashboard.php')
 5 SYSTEMPATH\View\View.php(229): CodeIgniter\View\View->CodeIgniter\View\{closure}()
 6 SYSTEMPATH\Common.php(1199): CodeIgniter\View\View->render('admin/dashboard', [], true)
 7 APPPATH\Controllers\Admin\Dashboard.php(20): view('admin/dashboard', [...])
 8 SYSTEMPATH\CodeIgniter.php(933): App\Controllers\Admin\Dashboard->index()
 9 SYSTEMPATH\CodeIgniter.php(507): CodeIgniter\CodeIgniter->runController(Object(App\Controllers\Admin\Dashboard))
10 SYSTEMPATH\CodeIgniter.php(354): CodeIgniter\CodeIgniter->handleRequest(null, Object(Config\Cache), false)
11 SYSTEMPATH\Boot.php(363): CodeIgniter\CodeIgniter->run()
12 SYSTEMPATH\Boot.php(68): CodeIgniter\Boot::runCodeIgniter(Object(CodeIgniter\CodeIgniter))
13 FCPATH\index.php(59): CodeIgniter\Boot::bootWeb(Object(Config\Paths))
CRITICAL - 2025-12-24 05:07:40 --> CodeIgniter\View\Exceptions\ViewException: Invalid file: "admin/plans/list_table.php"
[Method: GET, Route: admin/dashboard]
in SYSTEMPATH\Exceptions\FrameworkException.php on line 39.
 1 SYSTEMPATH\View\View.php(214): CodeIgniter\Exceptions\FrameworkException::forInvalidFile('admin/plans/list_table.php')
 2 SYSTEMPATH\Common.php(1199): CodeIgniter\View\View->render('admin/plans/list_table', [], true)
 3 APPPATH\Views\admin\dashboard.php(50): view('admin/plans/list_table', [...])
 4 SYSTEMPATH\View\View.php(226): include('C:\\xampp\\htdocs\\chits\\app\\Views\\admin\\dashboard.php')
 5 SYSTEMPATH\View\View.php(229): CodeIgniter\View\View->CodeIgniter\View\{closure}()
 6 SYSTEMPATH\Common.php(1199): CodeIgniter\View\View->render('admin/dashboard', [], true)
 7 APPPATH\Controllers\Admin\Dashboard.php(20): view('admin/dashboard', [...])
 8 SYSTEMPATH\CodeIgniter.php(933): App\Controllers\Admin\Dashboard->index()
 9 SYSTEMPATH\CodeIgniter.php(507): CodeIgniter\CodeIgniter->runController(Object(App\Controllers\Admin\Dashboard))
10 SYSTEMPATH\CodeIgniter.php(354): CodeIgniter\CodeIgniter->handleRequest(null, Object(Config\Cache), false)
11 SYSTEMPATH\Boot.php(363): CodeIgniter\CodeIgniter->run()
12 SYSTEMPATH\Boot.php(68): CodeIgniter\Boot::runCodeIgniter(Object(CodeIgniter\CodeIgniter))
13 FCPATH\index.php(59): CodeIgniter\Boot::bootWeb(Object(Config\Paths))
CRITICAL - 2025-12-24 05:07:48 --> CodeIgniter\View\Exceptions\ViewException: Invalid file: "admin/plans/list_table.php"
[Method: GET, Route: admin/dashboard]
in SYSTEMPATH\Exceptions\FrameworkException.php on line 39.
 1 SYSTEMPATH\View\View.php(214): CodeIgniter\Exceptions\FrameworkException::forInvalidFile('admin/plans/list_table.php')
 2 SYSTEMPATH\Common.php(1199): CodeIgniter\View\View->render('admin/plans/list_table', [], true)
 3 APPPATH\Views\admin\dashboard.php(50): view('admin/plans/list_table', [...])
 4 SYSTEMPATH\View\View.php(226): include('C:\\xampp\\htdocs\\chits\\app\\Views\\admin\\dashboard.php')
 5 SYSTEMPATH\View\View.php(229): CodeIgniter\View\View->CodeIgniter\View\{closure}()
 6 SYSTEMPATH\Common.php(1199): CodeIgniter\View\View->render('admin/dashboard', [], true)
 7 APPPATH\Controllers\Admin\Dashboard.php(20): view('admin/dashboard', [...])
 8 SYSTEMPATH\CodeIgniter.php(933): App\Controllers\Admin\Dashboard->index()
 9 SYSTEMPATH\CodeIgniter.php(507): CodeIgniter\CodeIgniter->runController(Object(App\Controllers\Admin\Dashboard))
10 SYSTEMPATH\CodeIgniter.php(354): CodeIgniter\CodeIgniter->handleRequest(null, Object(Config\Cache), false)
11 SYSTEMPATH\Boot.php(363): CodeIgniter\CodeIgniter->run()
12 SYSTEMPATH\Boot.php(68): CodeIgniter\Boot::runCodeIgniter(Object(CodeIgniter\CodeIgniter))
13 FCPATH\index.php(59): CodeIgniter\Boot::bootWeb(Object(Config\Paths))
CRITICAL - 2025-12-24 05:07:48 --> CodeIgniter\View\Exceptions\ViewException: Invalid file: "admin/plans/list_table.php"
[Method: GET, Route: admin/dashboard]
in SYSTEMPATH\Exceptions\FrameworkException.php on line 39.
 1 SYSTEMPATH\View\View.php(214): CodeIgniter\Exceptions\FrameworkException::forInvalidFile('admin/plans/list_table.php')
 2 SYSTEMPATH\Common.php(1199): CodeIgniter\View\View->render('admin/plans/list_table', [], true)
 3 APPPATH\Views\admin\dashboard.php(50): view('admin/plans/list_table', [...])
 4 SYSTEMPATH\View\View.php(226): include('C:\\xampp\\htdocs\\chits\\app\\Views\\admin\\dashboard.php')
 5 SYSTEMPATH\View\View.php(229): CodeIgniter\View\View->CodeIgniter\View\{closure}()
 6 SYSTEMPATH\Common.php(1199): CodeIgniter\View\View->render('admin/dashboard', [], true)
 7 APPPATH\Controllers\Admin\Dashboard.php(20): view('admin/dashboard', [...])
 8 SYSTEMPATH\CodeIgniter.php(933): App\Controllers\Admin\Dashboard->index()
 9 SYSTEMPATH\CodeIgniter.php(507): CodeIgniter\CodeIgniter->runController(Object(App\Controllers\Admin\Dashboard))
10 SYSTEMPATH\CodeIgniter.php(354): CodeIgniter\CodeIgniter->handleRequest(null, Object(Config\Cache), false)
11 SYSTEMPATH\Boot.php(363): CodeIgniter\CodeIgniter->run()
12 SYSTEMPATH\Boot.php(68): CodeIgniter\Boot::runCodeIgniter(Object(CodeIgniter\CodeIgniter))
13 FCPATH\index.php(59): CodeIgniter\Boot::bootWeb(Object(Config\Paths))
CRITICAL - 2025-12-24 05:07:49 --> CodeIgniter\View\Exceptions\ViewException: Invalid file: "admin/plans/list_table.php"
[Method: GET, Route: admin/dashboard]
in SYSTEMPATH\Exceptions\FrameworkException.php on line 39.
 1 SYSTEMPATH\View\View.php(214): CodeIgniter\Exceptions\FrameworkException::forInvalidFile('admin/plans/list_table.php')
 2 SYSTEMPATH\Common.php(1199): CodeIgniter\View\View->render('admin/plans/list_table', [], true)
 3 APPPATH\Views\admin\dashboard.php(50): view('admin/plans/list_table', [...])
 4 SYSTEMPATH\View\View.php(226): include('C:\\xampp\\htdocs\\chits\\app\\Views\\admin\\dashboard.php')
 5 SYSTEMPATH\View\View.php(229): CodeIgniter\View\View->CodeIgniter\View\{closure}()
 6 SYSTEMPATH\Common.php(1199): CodeIgniter\View\View->render('admin/dashboard', [], true)
 7 APPPATH\Controllers\Admin\Dashboard.php(20): view('admin/dashboard', [...])
 8 SYSTEMPATH\CodeIgniter.php(933): App\Controllers\Admin\Dashboard->index()
 9 SYSTEMPATH\CodeIgniter.php(507): CodeIgniter\CodeIgniter->runController(Object(App\Controllers\Admin\Dashboard))
10 SYSTEMPATH\CodeIgniter.php(354): CodeIgniter\CodeIgniter->handleRequest(null, Object(Config\Cache), false)
11 SYSTEMPATH\Boot.php(363): CodeIgniter\CodeIgniter->run()
12 SYSTEMPATH\Boot.php(68): CodeIgniter\Boot::runCodeIgniter(Object(CodeIgniter\CodeIgniter))
13 FCPATH\index.php(59): CodeIgniter\Boot::bootWeb(Object(Config\Paths))
CRITICAL - 2025-12-24 05:07:49 --> CodeIgniter\View\Exceptions\ViewException: Invalid file: "admin/plans/list_table.php"
[Method: GET, Route: admin/dashboard]
in SYSTEMPATH\Exceptions\FrameworkException.php on line 39.
 1 SYSTEMPATH\View\View.php(214): CodeIgniter\Exceptions\FrameworkException::forInvalidFile('admin/plans/list_table.php')
 2 SYSTEMPATH\Common.php(1199): CodeIgniter\View\View->render('admin/plans/list_table', [], true)
 3 APPPATH\Views\admin\dashboard.php(50): view('admin/plans/list_table', [...])
 4 SYSTEMPATH\View\View.php(226): include('C:\\xampp\\htdocs\\chits\\app\\Views\\admin\\dashboard.php')
 5 SYSTEMPATH\View\View.php(229): CodeIgniter\View\View->CodeIgniter\View\{closure}()
 6 SYSTEMPATH\Common.php(1199): CodeIgniter\View\View->render('admin/dashboard', [], true)
 7 APPPATH\Controllers\Admin\Dashboard.php(20): view('admin/dashboard', [...])
 8 SYSTEMPATH\CodeIgniter.php(933): App\Controllers\Admin\Dashboard->index()
 9 SYSTEMPATH\CodeIgniter.php(507): CodeIgniter\CodeIgniter->runController(Object(App\Controllers\Admin\Dashboard))
10 SYSTEMPATH\CodeIgniter.php(354): CodeIgniter\CodeIgniter->handleRequest(null, Object(Config\Cache), false)
11 SYSTEMPATH\Boot.php(363): CodeIgniter\CodeIgniter->run()
12 SYSTEMPATH\Boot.php(68): CodeIgniter\Boot::runCodeIgniter(Object(CodeIgniter\CodeIgniter))
13 FCPATH\index.php(59): CodeIgniter\Boot::bootWeb(Object(Config\Paths))
CRITICAL - 2025-12-24 05:07:49 --> CodeIgniter\View\Exceptions\ViewException: Invalid file: "admin/plans/list_table.php"
[Method: GET, Route: admin/dashboard]
in SYSTEMPATH\Exceptions\FrameworkException.php on line 39.
 1 SYSTEMPATH\View\View.php(214): CodeIgniter\Exceptions\FrameworkException::forInvalidFile('admin/plans/list_table.php')
 2 SYSTEMPATH\Common.php(1199): CodeIgniter\View\View->render('admin/plans/list_table', [], true)
 3 APPPATH\Views\admin\dashboard.php(50): view('admin/plans/list_table', [...])
 4 SYSTEMPATH\View\View.php(226): include('C:\\xampp\\htdocs\\chits\\app\\Views\\admin\\dashboard.php')
 5 SYSTEMPATH\View\View.php(229): CodeIgniter\View\View->CodeIgniter\View\{closure}()
 6 SYSTEMPATH\Common.php(1199): CodeIgniter\View\View->render('admin/dashboard', [], true)
 7 APPPATH\Controllers\Admin\Dashboard.php(20): view('admin/dashboard', [...])
 8 SYSTEMPATH\CodeIgniter.php(933): App\Controllers\Admin\Dashboard->index()
 9 SYSTEMPATH\CodeIgniter.php(507): CodeIgniter\CodeIgniter->runController(Object(App\Controllers\Admin\Dashboard))
10 SYSTEMPATH\CodeIgniter.php(354): CodeIgniter\CodeIgniter->handleRequest(null, Object(Config\Cache), false)
11 SYSTEMPATH\Boot.php(363): CodeIgniter\CodeIgniter->run()
12 SYSTEMPATH\Boot.php(68): CodeIgniter\Boot::runCodeIgniter(Object(CodeIgniter\CodeIgniter))
13 FCPATH\index.php(59): CodeIgniter\Boot::bootWeb(Object(Config\Paths))
CRITICAL - 2025-12-24 05:07:49 --> CodeIgniter\View\Exceptions\ViewException: Invalid file: "admin/plans/list_table.php"
[Method: GET, Route: admin/dashboard]
in SYSTEMPATH\Exceptions\FrameworkException.php on line 39.
 1 SYSTEMPATH\View\View.php(214): CodeIgniter\Exceptions\FrameworkException::forInvalidFile('admin/plans/list_table.php')
 2 SYSTEMPATH\Common.php(1199): CodeIgniter\View\View->render('admin/plans/list_table', [], true)
 3 APPPATH\Views\admin\dashboard.php(50): view('admin/plans/list_table', [...])
 4 SYSTEMPATH\View\View.php(226): include('C:\\xampp\\htdocs\\chits\\app\\Views\\admin\\dashboard.php')
 5 SYSTEMPATH\View\View.php(229): CodeIgniter\View\View->CodeIgniter\View\{closure}()
 6 SYSTEMPATH\Common.php(1199): CodeIgniter\View\View->render('admin/dashboard', [], true)
 7 APPPATH\Controllers\Admin\Dashboard.php(20): view('admin/dashboard', [...])
 8 SYSTEMPATH\CodeIgniter.php(933): App\Controllers\Admin\Dashboard->index()
 9 SYSTEMPATH\CodeIgniter.php(507): CodeIgniter\CodeIgniter->runController(Object(App\Controllers\Admin\Dashboard))
10 SYSTEMPATH\CodeIgniter.php(354): CodeIgniter\CodeIgniter->handleRequest(null, Object(Config\Cache), false)
11 SYSTEMPATH\Boot.php(363): CodeIgniter\CodeIgniter->run()
12 SYSTEMPATH\Boot.php(68): CodeIgniter\Boot::runCodeIgniter(Object(CodeIgniter\CodeIgniter))
13 FCPATH\index.php(59): CodeIgniter\Boot::bootWeb(Object(Config\Paths))
CRITICAL - 2025-12-24 05:07:49 --> CodeIgniter\View\Exceptions\ViewException: Invalid file: "admin/plans/list_table.php"
[Method: GET, Route: admin/dashboard]
in SYSTEMPATH\Exceptions\FrameworkException.php on line 39.
 1 SYSTEMPATH\View\View.php(214): CodeIgniter\Exceptions\FrameworkException::forInvalidFile('admin/plans/list_table.php')
 2 SYSTEMPATH\Common.php(1199): CodeIgniter\View\View->render('admin/plans/list_table', [], true)
 3 APPPATH\Views\admin\dashboard.php(50): view('admin/plans/list_table', [...])
 4 SYSTEMPATH\View\View.php(226): include('C:\\xampp\\htdocs\\chits\\app\\Views\\admin\\dashboard.php')
 5 SYSTEMPATH\View\View.php(229): CodeIgniter\View\View->CodeIgniter\View\{closure}()
 6 SYSTEMPATH\Common.php(1199): CodeIgniter\View\View->render('admin/dashboard', [], true)
 7 APPPATH\Controllers\Admin\Dashboard.php(20): view('admin/dashboard', [...])
 8 SYSTEMPATH\CodeIgniter.php(933): App\Controllers\Admin\Dashboard->index()
 9 SYSTEMPATH\CodeIgniter.php(507): CodeIgniter\CodeIgniter->runController(Object(App\Controllers\Admin\Dashboard))
10 SYSTEMPATH\CodeIgniter.php(354): CodeIgniter\CodeIgniter->handleRequest(null, Object(Config\Cache), false)
11 SYSTEMPATH\Boot.php(363): CodeIgniter\CodeIgniter->run()
12 SYSTEMPATH\Boot.php(68): CodeIgniter\Boot::runCodeIgniter(Object(CodeIgniter\CodeIgniter))
13 FCPATH\index.php(59): CodeIgniter\Boot::bootWeb(Object(Config\Paths))
CRITICAL - 2025-12-24 05:07:50 --> CodeIgniter\View\Exceptions\ViewException: Invalid file: "admin/plans/list_table.php"
[Method: GET, Route: admin/dashboard]
in SYSTEMPATH\Exceptions\FrameworkException.php on line 39.
 1 SYSTEMPATH\View\View.php(214): CodeIgniter\Exceptions\FrameworkException::forInvalidFile('admin/plans/list_table.php')
 2 SYSTEMPATH\Common.php(1199): CodeIgniter\View\View->render('admin/plans/list_table', [], true)
 3 APPPATH\Views\admin\dashboard.php(50): view('admin/plans/list_table', [...])
 4 SYSTEMPATH\View\View.php(226): include('C:\\xampp\\htdocs\\chits\\app\\Views\\admin\\dashboard.php')
 5 SYSTEMPATH\View\View.php(229): CodeIgniter\View\View->CodeIgniter\View\{closure}()
 6 SYSTEMPATH\Common.php(1199): CodeIgniter\View\View->render('admin/dashboard', [], true)
 7 APPPATH\Controllers\Admin\Dashboard.php(20): view('admin/dashboard', [...])
 8 SYSTEMPATH\CodeIgniter.php(933): App\Controllers\Admin\Dashboard->index()
 9 SYSTEMPATH\CodeIgniter.php(507): CodeIgniter\CodeIgniter->runController(Object(App\Controllers\Admin\Dashboard))
10 SYSTEMPATH\CodeIgniter.php(354): CodeIgniter\CodeIgniter->handleRequest(null, Object(Config\Cache), false)
11 SYSTEMPATH\Boot.php(363): CodeIgniter\CodeIgniter->run()
12 SYSTEMPATH\Boot.php(68): CodeIgniter\Boot::runCodeIgniter(Object(CodeIgniter\CodeIgniter))
13 FCPATH\index.php(59): CodeIgniter\Boot::bootWeb(Object(Config\Paths))
CRITICAL - 2025-12-24 05:08:44 --> CodeIgniter\View\Exceptions\ViewException: Invalid file: "admin/plans/list_table.php"
[Method: GET, Route: admin/dashboard]
in SYSTEMPATH\Exceptions\FrameworkException.php on line 39.
 1 SYSTEMPATH\View\View.php(214): CodeIgniter\Exceptions\FrameworkException::forInvalidFile('admin/plans/list_table.php')
 2 SYSTEMPATH\Common.php(1199): CodeIgniter\View\View->render('admin/plans/list_table', [], true)
 3 APPPATH\Views\admin\dashboard.php(50): view('admin/plans/list_table', [...])
 4 SYSTEMPATH\View\View.php(226): include('C:\\xampp\\htdocs\\chits\\app\\Views\\admin\\dashboard.php')
 5 SYSTEMPATH\View\View.php(229): CodeIgniter\View\View->CodeIgniter\View\{closure}()
 6 SYSTEMPATH\Common.php(1199): CodeIgniter\View\View->render('admin/dashboard', [], true)
 7 APPPATH\Controllers\Admin\Dashboard.php(20): view('admin/dashboard', [...])
 8 SYSTEMPATH\CodeIgniter.php(933): App\Controllers\Admin\Dashboard->index()
 9 SYSTEMPATH\CodeIgniter.php(507): CodeIgniter\CodeIgniter->runController(Object(App\Controllers\Admin\Dashboard))
10 SYSTEMPATH\CodeIgniter.php(354): CodeIgniter\CodeIgniter->handleRequest(null, Object(Config\Cache), false)
11 SYSTEMPATH\Boot.php(363): CodeIgniter\CodeIgniter->run()
12 SYSTEMPATH\Boot.php(68): CodeIgniter\Boot::runCodeIgniter(Object(CodeIgniter\CodeIgniter))
13 FCPATH\index.php(59): CodeIgniter\Boot::bootWeb(Object(Config\Paths))
CRITICAL - 2025-12-24 05:08:45 --> CodeIgniter\View\Exceptions\ViewException: Invalid file: "admin/plans/list_table.php"
[Method: GET, Route: admin/dashboard]
in SYSTEMPATH\Exceptions\FrameworkException.php on line 39.
 1 SYSTEMPATH\View\View.php(214): CodeIgniter\Exceptions\FrameworkException::forInvalidFile('admin/plans/list_table.php')
 2 SYSTEMPATH\Common.php(1199): CodeIgniter\View\View->render('admin/plans/list_table', [], true)
 3 APPPATH\Views\admin\dashboard.php(50): view('admin/plans/list_table', [...])
 4 SYSTEMPATH\View\View.php(226): include('C:\\xampp\\htdocs\\chits\\app\\Views\\admin\\dashboard.php')
 5 SYSTEMPATH\View\View.php(229): CodeIgniter\View\View->CodeIgniter\View\{closure}()
 6 SYSTEMPATH\Common.php(1199): CodeIgniter\View\View->render('admin/dashboard', [], true)
 7 APPPATH\Controllers\Admin\Dashboard.php(20): view('admin/dashboard', [...])
 8 SYSTEMPATH\CodeIgniter.php(933): App\Controllers\Admin\Dashboard->index()
 9 SYSTEMPATH\CodeIgniter.php(507): CodeIgniter\CodeIgniter->runController(Object(App\Controllers\Admin\Dashboard))
10 SYSTEMPATH\CodeIgniter.php(354): CodeIgniter\CodeIgniter->handleRequest(null, Object(Config\Cache), false)
11 SYSTEMPATH\Boot.php(363): CodeIgniter\CodeIgniter->run()
12 SYSTEMPATH\Boot.php(68): CodeIgniter\Boot::runCodeIgniter(Object(CodeIgniter\CodeIgniter))
13 FCPATH\index.php(59): CodeIgniter\Boot::bootWeb(Object(Config\Paths))
CRITICAL - 2025-12-24 05:08:46 --> CodeIgniter\View\Exceptions\ViewException: Invalid file: "admin/plans/list_table.php"
[Method: GET, Route: admin/dashboard]
in SYSTEMPATH\Exceptions\FrameworkException.php on line 39.
 1 SYSTEMPATH\View\View.php(214): CodeIgniter\Exceptions\FrameworkException::forInvalidFile('admin/plans/list_table.php')
 2 SYSTEMPATH\Common.php(1199): CodeIgniter\View\View->render('admin/plans/list_table', [], true)
 3 APPPATH\Views\admin\dashboard.php(50): view('admin/plans/list_table', [...])
 4 SYSTEMPATH\View\View.php(226): include('C:\\xampp\\htdocs\\chits\\app\\Views\\admin\\dashboard.php')
 5 SYSTEMPATH\View\View.php(229): CodeIgniter\View\View->CodeIgniter\View\{closure}()
 6 SYSTEMPATH\Common.php(1199): CodeIgniter\View\View->render('admin/dashboard', [], true)
 7 APPPATH\Controllers\Admin\Dashboard.php(20): view('admin/dashboard', [...])
 8 SYSTEMPATH\CodeIgniter.php(933): App\Controllers\Admin\Dashboard->index()
 9 SYSTEMPATH\CodeIgniter.php(507): CodeIgniter\CodeIgniter->runController(Object(App\Controllers\Admin\Dashboard))
10 SYSTEMPATH\CodeIgniter.php(354): CodeIgniter\CodeIgniter->handleRequest(null, Object(Config\Cache), false)
11 SYSTEMPATH\Boot.php(363): CodeIgniter\CodeIgniter->run()
12 SYSTEMPATH\Boot.php(68): CodeIgniter\Boot::runCodeIgniter(Object(CodeIgniter\CodeIgniter))
13 FCPATH\index.php(59): CodeIgniter\Boot::bootWeb(Object(Config\Paths))
CRITICAL - 2025-12-24 05:12:31 --> CodeIgniter\View\Exceptions\ViewException: Invalid file: "admin/plans/list_table.php"
[Method: GET, Route: admin/dashboard]
in SYSTEMPATH\Exceptions\FrameworkException.php on line 39.
 1 SYSTEMPATH\View\View.php(214): CodeIgniter\Exceptions\FrameworkException::forInvalidFile('admin/plans/list_table.php')
 2 SYSTEMPATH\Common.php(1199): CodeIgniter\View\View->render('admin/plans/list_table', [], true)
 3 APPPATH\Views\admin\dashboard.php(50): view('admin/plans/list_table', [...])
 4 SYSTEMPATH\View\View.php(226): include('C:\\xampp\\htdocs\\chits\\app\\Views\\admin\\dashboard.php')
 5 SYSTEMPATH\View\View.php(229): CodeIgniter\View\View->CodeIgniter\View\{closure}()
 6 SYSTEMPATH\Common.php(1199): CodeIgniter\View\View->render('admin/dashboard', [], true)
 7 APPPATH\Controllers\Admin\Dashboard.php(20): view('admin/dashboard', [...])
 8 SYSTEMPATH\CodeIgniter.php(933): App\Controllers\Admin\Dashboard->index()
 9 SYSTEMPATH\CodeIgniter.php(507): CodeIgniter\CodeIgniter->runController(Object(App\Controllers\Admin\Dashboard))
10 SYSTEMPATH\CodeIgniter.php(354): CodeIgniter\CodeIgniter->handleRequest(null, Object(Config\Cache), false)
11 SYSTEMPATH\Boot.php(363): CodeIgniter\CodeIgniter->run()
12 SYSTEMPATH\Boot.php(68): CodeIgniter\Boot::runCodeIgniter(Object(CodeIgniter\CodeIgniter))
13 FCPATH\index.php(59): CodeIgniter\Boot::bootWeb(Object(Config\Paths))
CRITICAL - 2025-12-24 05:12:31 --> CodeIgniter\View\Exceptions\ViewException: Invalid file: "admin/plans/list_table.php"
[Method: GET, Route: admin/dashboard]
in SYSTEMPATH\Exceptions\FrameworkException.php on line 39.
 1 SYSTEMPATH\View\View.php(214): CodeIgniter\Exceptions\FrameworkException::forInvalidFile('admin/plans/list_table.php')
 2 SYSTEMPATH\Common.php(1199): CodeIgniter\View\View->render('admin/plans/list_table', [], true)
 3 APPPATH\Views\admin\dashboard.php(50): view('admin/plans/list_table', [...])
 4 SYSTEMPATH\View\View.php(226): include('C:\\xampp\\htdocs\\chits\\app\\Views\\admin\\dashboard.php')
 5 SYSTEMPATH\View\View.php(229): CodeIgniter\View\View->CodeIgniter\View\{closure}()
 6 SYSTEMPATH\Common.php(1199): CodeIgniter\View\View->render('admin/dashboard', [], true)
 7 APPPATH\Controllers\Admin\Dashboard.php(20): view('admin/dashboard', [...])
 8 SYSTEMPATH\CodeIgniter.php(933): App\Controllers\Admin\Dashboard->index()
 9 SYSTEMPATH\CodeIgniter.php(507): CodeIgniter\CodeIgniter->runController(Object(App\Controllers\Admin\Dashboard))
10 SYSTEMPATH\CodeIgniter.php(354): CodeIgniter\CodeIgniter->handleRequest(null, Object(Config\Cache), false)
11 SYSTEMPATH\Boot.php(363): CodeIgniter\CodeIgniter->run()
12 SYSTEMPATH\Boot.php(68): CodeIgniter\Boot::runCodeIgniter(Object(CodeIgniter\CodeIgniter))
13 FCPATH\index.php(59): CodeIgniter\Boot::bootWeb(Object(Config\Paths))
CRITICAL - 2025-12-24 06:19:52 --> CodeIgniter\View\Exceptions\ViewException: Invalid file: "admin/plans/dashboard.php"
[Method: GET, Route: admin/plans/dashboard]
in SYSTEMPATH\Exceptions\FrameworkException.php on line 39.
 1 SYSTEMPATH\View\View.php(214): CodeIgniter\Exceptions\FrameworkException::forInvalidFile('admin/plans/dashboard.php')
 2 SYSTEMPATH\Common.php(1199): CodeIgniter\View\View->render('admin/plans/dashboard', [], true)
 3 APPPATH\Controllers\Admin\Plan.php(28): view('admin/plans/dashboard', [...])
 4 SYSTEMPATH\CodeIgniter.php(933): App\Controllers\Admin\Plan->dashboard()
 5 SYSTEMPATH\CodeIgniter.php(507): CodeIgniter\CodeIgniter->runController(Object(App\Controllers\Admin\Plan))
 6 SYSTEMPATH\CodeIgniter.php(354): CodeIgniter\CodeIgniter->handleRequest(null, Object(Config\Cache), false)
 7 SYSTEMPATH\Boot.php(363): CodeIgniter\CodeIgniter->run()
 8 SYSTEMPATH\Boot.php(68): CodeIgniter\Boot::runCodeIgniter(Object(CodeIgniter\CodeIgniter))
 9 FCPATH\index.php(59): CodeIgniter\Boot::bootWeb(Object(Config\Paths))
CRITICAL - 2025-12-24 06:24:56 --> CodeIgniter\View\Exceptions\ViewException: Invalid file: "admin/plans/dashboard.php"
[Method: GET, Route: admin/plans/dashboard]
in SYSTEMPATH\Exceptions\FrameworkException.php on line 39.
 1 SYSTEMPATH\View\View.php(214): CodeIgniter\Exceptions\FrameworkException::forInvalidFile('admin/plans/dashboard.php')
 2 SYSTEMPATH\Common.php(1199): CodeIgniter\View\View->render('admin/plans/dashboard', [], true)
 3 APPPATH\Controllers\Admin\Plan.php(28): view('admin/plans/dashboard', [...])
 4 SYSTEMPATH\CodeIgniter.php(933): App\Controllers\Admin\Plan->dashboard()
 5 SYSTEMPATH\CodeIgniter.php(507): CodeIgniter\CodeIgniter->runController(Object(App\Controllers\Admin\Plan))
 6 SYSTEMPATH\CodeIgniter.php(354): CodeIgniter\CodeIgniter->handleRequest(null, Object(Config\Cache), false)
 7 SYSTEMPATH\Boot.php(363): CodeIgniter\CodeIgniter->run()
 8 SYSTEMPATH\Boot.php(68): CodeIgniter\Boot::runCodeIgniter(Object(CodeIgniter\CodeIgniter))
 9 FCPATH\index.php(59): CodeIgniter\Boot::bootWeb(Object(Config\Paths))
CRITICAL - 2025-12-24 06:25:00 --> CodeIgniter\View\Exceptions\ViewException: Invalid file: "admin/plans/dashboard.php"
[Method: GET, Route: admin/plans/dashboard]
in SYSTEMPATH\Exceptions\FrameworkException.php on line 39.
 1 SYSTEMPATH\View\View.php(214): CodeIgniter\Exceptions\FrameworkException::forInvalidFile('admin/plans/dashboard.php')
 2 SYSTEMPATH\Common.php(1199): CodeIgniter\View\View->render('admin/plans/dashboard', [], true)
 3 APPPATH\Controllers\Admin\Plan.php(28): view('admin/plans/dashboard', [...])
 4 SYSTEMPATH\CodeIgniter.php(933): App\Controllers\Admin\Plan->dashboard()
 5 SYSTEMPATH\CodeIgniter.php(507): CodeIgniter\CodeIgniter->runController(Object(App\Controllers\Admin\Plan))
 6 SYSTEMPATH\CodeIgniter.php(354): CodeIgniter\CodeIgniter->handleRequest(null, Object(Config\Cache), false)
 7 SYSTEMPATH\Boot.php(363): CodeIgniter\CodeIgniter->run()
 8 SYSTEMPATH\Boot.php(68): CodeIgniter\Boot::runCodeIgniter(Object(CodeIgniter\CodeIgniter))
 9 FCPATH\index.php(59): CodeIgniter\Boot::bootWeb(Object(Config\Paths))
CRITICAL - 2025-12-24 06:25:00 --> CodeIgniter\View\Exceptions\ViewException: Invalid file: "admin/plans/dashboard.php"
[Method: GET, Route: admin/plans/dashboard]
in SYSTEMPATH\Exceptions\FrameworkException.php on line 39.
 1 SYSTEMPATH\View\View.php(214): CodeIgniter\Exceptions\FrameworkException::forInvalidFile('admin/plans/dashboard.php')
 2 SYSTEMPATH\Common.php(1199): CodeIgniter\View\View->render('admin/plans/dashboard', [], true)
 3 APPPATH\Controllers\Admin\Plan.php(28): view('admin/plans/dashboard', [...])
 4 SYSTEMPATH\CodeIgniter.php(933): App\Controllers\Admin\Plan->dashboard()
 5 SYSTEMPATH\CodeIgniter.php(507): CodeIgniter\CodeIgniter->runController(Object(App\Controllers\Admin\Plan))
 6 SYSTEMPATH\CodeIgniter.php(354): CodeIgniter\CodeIgniter->handleRequest(null, Object(Config\Cache), false)
 7 SYSTEMPATH\Boot.php(363): CodeIgniter\CodeIgniter->run()
 8 SYSTEMPATH\Boot.php(68): CodeIgniter\Boot::runCodeIgniter(Object(CodeIgniter\CodeIgniter))
 9 FCPATH\index.php(59): CodeIgniter\Boot::bootWeb(Object(Config\Paths))
CRITICAL - 2025-12-24 06:25:00 --> CodeIgniter\View\Exceptions\ViewException: Invalid file: "admin/plans/dashboard.php"
[Method: GET, Route: admin/plans/dashboard]
in SYSTEMPATH\Exceptions\FrameworkException.php on line 39.
 1 SYSTEMPATH\View\View.php(214): CodeIgniter\Exceptions\FrameworkException::forInvalidFile('admin/plans/dashboard.php')
 2 SYSTEMPATH\Common.php(1199): CodeIgniter\View\View->render('admin/plans/dashboard', [], true)
 3 APPPATH\Controllers\Admin\Plan.php(28): view('admin/plans/dashboard', [...])
 4 SYSTEMPATH\CodeIgniter.php(933): App\Controllers\Admin\Plan->dashboard()
 5 SYSTEMPATH\CodeIgniter.php(507): CodeIgniter\CodeIgniter->runController(Object(App\Controllers\Admin\Plan))
 6 SYSTEMPATH\CodeIgniter.php(354): CodeIgniter\CodeIgniter->handleRequest(null, Object(Config\Cache), false)
 7 SYSTEMPATH\Boot.php(363): CodeIgniter\CodeIgniter->run()
 8 SYSTEMPATH\Boot.php(68): CodeIgniter\Boot::runCodeIgniter(Object(CodeIgniter\CodeIgniter))
 9 FCPATH\index.php(59): CodeIgniter\Boot::bootWeb(Object(Config\Paths))
CRITICAL - 2025-12-24 06:25:01 --> CodeIgniter\View\Exceptions\ViewException: Invalid file: "admin/plans/dashboard.php"
[Method: GET, Route: admin/plans/dashboard]
in SYSTEMPATH\Exceptions\FrameworkException.php on line 39.
 1 SYSTEMPATH\View\View.php(214): CodeIgniter\Exceptions\FrameworkException::forInvalidFile('admin/plans/dashboard.php')
 2 SYSTEMPATH\Common.php(1199): CodeIgniter\View\View->render('admin/plans/dashboard', [], true)
 3 APPPATH\Controllers\Admin\Plan.php(28): view('admin/plans/dashboard', [...])
 4 SYSTEMPATH\CodeIgniter.php(933): App\Controllers\Admin\Plan->dashboard()
 5 SYSTEMPATH\CodeIgniter.php(507): CodeIgniter\CodeIgniter->runController(Object(App\Controllers\Admin\Plan))
 6 SYSTEMPATH\CodeIgniter.php(354): CodeIgniter\CodeIgniter->handleRequest(null, Object(Config\Cache), false)
 7 SYSTEMPATH\Boot.php(363): CodeIgniter\CodeIgniter->run()
 8 SYSTEMPATH\Boot.php(68): CodeIgniter\Boot::runCodeIgniter(Object(CodeIgniter\CodeIgniter))
 9 FCPATH\index.php(59): CodeIgniter\Boot::bootWeb(Object(Config\Paths))
CRITICAL - 2025-12-24 06:25:01 --> CodeIgniter\View\Exceptions\ViewException: Invalid file: "admin/plans/dashboard.php"
[Method: GET, Route: admin/plans/dashboard]
in SYSTEMPATH\Exceptions\FrameworkException.php on line 39.
 1 SYSTEMPATH\View\View.php(214): CodeIgniter\Exceptions\FrameworkException::forInvalidFile('admin/plans/dashboard.php')
 2 SYSTEMPATH\Common.php(1199): CodeIgniter\View\View->render('admin/plans/dashboard', [], true)
 3 APPPATH\Controllers\Admin\Plan.php(28): view('admin/plans/dashboard', [...])
 4 SYSTEMPATH\CodeIgniter.php(933): App\Controllers\Admin\Plan->dashboard()
 5 SYSTEMPATH\CodeIgniter.php(507): CodeIgniter\CodeIgniter->runController(Object(App\Controllers\Admin\Plan))
 6 SYSTEMPATH\CodeIgniter.php(354): CodeIgniter\CodeIgniter->handleRequest(null, Object(Config\Cache), false)
 7 SYSTEMPATH\Boot.php(363): CodeIgniter\CodeIgniter->run()
 8 SYSTEMPATH\Boot.php(68): CodeIgniter\Boot::runCodeIgniter(Object(CodeIgniter\CodeIgniter))
 9 FCPATH\index.php(59): CodeIgniter\Boot::bootWeb(Object(Config\Paths))
CRITICAL - 2025-12-24 06:25:30 --> CodeIgniter\View\Exceptions\ViewException: Invalid file: "admin/plans/dashboard.php"
[Method: GET, Route: admin/plans/dashboard]
in SYSTEMPATH\Exceptions\FrameworkException.php on line 39.
 1 SYSTEMPATH\View\View.php(214): CodeIgniter\Exceptions\FrameworkException::forInvalidFile('admin/plans/dashboard.php')
 2 SYSTEMPATH\Common.php(1199): CodeIgniter\View\View->render('admin/plans/dashboard', [], true)
 3 APPPATH\Controllers\Admin\Plan.php(28): view('admin/plans/dashboard', [...])
 4 SYSTEMPATH\CodeIgniter.php(933): App\Controllers\Admin\Plan->dashboard()
 5 SYSTEMPATH\CodeIgniter.php(507): CodeIgniter\CodeIgniter->runController(Object(App\Controllers\Admin\Plan))
 6 SYSTEMPATH\CodeIgniter.php(354): CodeIgniter\CodeIgniter->handleRequest(null, Object(Config\Cache), false)
 7 SYSTEMPATH\Boot.php(363): CodeIgniter\CodeIgniter->run()
 8 SYSTEMPATH\Boot.php(68): CodeIgniter\Boot::runCodeIgniter(Object(CodeIgniter\CodeIgniter))
 9 FCPATH\index.php(59): CodeIgniter\Boot::bootWeb(Object(Config\Paths))
CRITICAL - 2025-12-24 06:25:55 --> CodeIgniter\View\Exceptions\ViewException: Invalid file: "admin/plans/dashboard.php"
[Method: GET, Route: admin/plans/dashboard]
in SYSTEMPATH\Exceptions\FrameworkException.php on line 39.
 1 SYSTEMPATH\View\View.php(214): CodeIgniter\Exceptions\FrameworkException::forInvalidFile('admin/plans/dashboard.php')
 2 SYSTEMPATH\Common.php(1199): CodeIgniter\View\View->render('admin/plans/dashboard', [], true)
 3 APPPATH\Controllers\Admin\Plan.php(28): view('admin/plans/dashboard', [...])
 4 SYSTEMPATH\CodeIgniter.php(933): App\Controllers\Admin\Plan->dashboard()
 5 SYSTEMPATH\CodeIgniter.php(507): CodeIgniter\CodeIgniter->runController(Object(App\Controllers\Admin\Plan))
 6 SYSTEMPATH\CodeIgniter.php(354): CodeIgniter\CodeIgniter->handleRequest(null, Object(Config\Cache), false)
 7 SYSTEMPATH\Boot.php(363): CodeIgniter\CodeIgniter->run()
 8 SYSTEMPATH\Boot.php(68): CodeIgniter\Boot::runCodeIgniter(Object(CodeIgniter\CodeIgniter))
 9 FCPATH\index.php(59): CodeIgniter\Boot::bootWeb(Object(Config\Paths))
CRITICAL - 2025-12-24 06:27:06 --> CodeIgniter\View\Exceptions\ViewException: Invalid file: "admin/plans/dashboard.php"
[Method: GET, Route: admin/plans/dashboard]
in SYSTEMPATH\Exceptions\FrameworkException.php on line 39.
 1 SYSTEMPATH\View\View.php(214): CodeIgniter\Exceptions\FrameworkException::forInvalidFile('admin/plans/dashboard.php')
 2 SYSTEMPATH\Common.php(1199): CodeIgniter\View\View->render('admin/plans/dashboard', [], true)
 3 APPPATH\Controllers\Admin\Plan.php(28): view('admin/plans/dashboard', [...])
 4 SYSTEMPATH\CodeIgniter.php(933): App\Controllers\Admin\Plan->dashboard()
 5 SYSTEMPATH\CodeIgniter.php(507): CodeIgniter\CodeIgniter->runController(Object(App\Controllers\Admin\Plan))
 6 SYSTEMPATH\CodeIgniter.php(354): CodeIgniter\CodeIgniter->handleRequest(null, Object(Config\Cache), false)
 7 SYSTEMPATH\Boot.php(363): CodeIgniter\CodeIgniter->run()
 8 SYSTEMPATH\Boot.php(68): CodeIgniter\Boot::runCodeIgniter(Object(CodeIgniter\CodeIgniter))
 9 FCPATH\index.php(59): CodeIgniter\Boot::bootWeb(Object(Config\Paths))
CRITICAL - 2025-12-24 06:28:52 --> CodeIgniter\View\Exceptions\ViewException: Invalid file: "admin/plans/dashboard.php"
[Method: GET, Route: admin/plans/dashboard]
in SYSTEMPATH\Exceptions\FrameworkException.php on line 39.
 1 SYSTEMPATH\View\View.php(214): CodeIgniter\Exceptions\FrameworkException::forInvalidFile('admin/plans/dashboard.php')
 2 SYSTEMPATH\Common.php(1199): CodeIgniter\View\View->render('admin/plans/dashboard', [], true)
 3 APPPATH\Controllers\Admin\Plan.php(28): view('admin/plans/dashboard', [...])
 4 SYSTEMPATH\CodeIgniter.php(933): App\Controllers\Admin\Plan->dashboard()
 5 SYSTEMPATH\CodeIgniter.php(507): CodeIgniter\CodeIgniter->runController(Object(App\Controllers\Admin\Plan))
 6 SYSTEMPATH\CodeIgniter.php(354): CodeIgniter\CodeIgniter->handleRequest(null, Object(Config\Cache), false)
 7 SYSTEMPATH\Boot.php(363): CodeIgniter\CodeIgniter->run()
 8 SYSTEMPATH\Boot.php(68): CodeIgniter\Boot::runCodeIgniter(Object(CodeIgniter\CodeIgniter))
 9 FCPATH\index.php(59): CodeIgniter\Boot::bootWeb(Object(Config\Paths))
CRITICAL - 2025-12-24 06:30:33 --> CodeIgniter\View\Exceptions\ViewException: Invalid file: "admin/plans/dashboard.php"
[Method: GET, Route: admin/plans/dashboard]
in SYSTEMPATH\Exceptions\FrameworkException.php on line 39.
 1 SYSTEMPATH\View\View.php(214): CodeIgniter\Exceptions\FrameworkException::forInvalidFile('admin/plans/dashboard.php')
 2 SYSTEMPATH\Common.php(1199): CodeIgniter\View\View->render('admin/plans/dashboard', [], true)
 3 APPPATH\Controllers\Admin\Plan.php(28): view('admin/plans/dashboard', [...])
 4 SYSTEMPATH\CodeIgniter.php(933): App\Controllers\Admin\Plan->dashboard()
 5 SYSTEMPATH\CodeIgniter.php(507): CodeIgniter\CodeIgniter->runController(Object(App\Controllers\Admin\Plan))
 6 SYSTEMPATH\CodeIgniter.php(354): CodeIgniter\CodeIgniter->handleRequest(null, Object(Config\Cache), false)
 7 SYSTEMPATH\Boot.php(363): CodeIgniter\CodeIgniter->run()
 8 SYSTEMPATH\Boot.php(68): CodeIgniter\Boot::runCodeIgniter(Object(CodeIgniter\CodeIgniter))
 9 FCPATH\index.php(59): CodeIgniter\Boot::bootWeb(Object(Config\Paths))
CRITICAL - 2025-12-24 06:46:21 --> CodeIgniter\View\Exceptions\ViewException: Invalid file: "admin/plans/dashboard.php"
[Method: GET, Route: admin/plans/dashboard]
in SYSTEMPATH\Exceptions\FrameworkException.php on line 39.
 1 SYSTEMPATH\View\View.php(214): CodeIgniter\Exceptions\FrameworkException::forInvalidFile('admin/plans/dashboard.php')
 2 SYSTEMPATH\Common.php(1199): CodeIgniter\View\View->render('admin/plans/dashboard', [], true)
 3 APPPATH\Controllers\Admin\Plan.php(28): view('admin/plans/dashboard', [...])
 4 SYSTEMPATH\CodeIgniter.php(933): App\Controllers\Admin\Plan->dashboard()
 5 SYSTEMPATH\CodeIgniter.php(507): CodeIgniter\CodeIgniter->runController(Object(App\Controllers\Admin\Plan))
 6 SYSTEMPATH\CodeIgniter.php(354): CodeIgniter\CodeIgniter->handleRequest(null, Object(Config\Cache), false)
 7 SYSTEMPATH\Boot.php(363): CodeIgniter\CodeIgniter->run()
 8 SYSTEMPATH\Boot.php(68): CodeIgniter\Boot::runCodeIgniter(Object(CodeIgniter\CodeIgniter))
 9 FCPATH\index.php(59): CodeIgniter\Boot::bootWeb(Object(Config\Paths))
CRITICAL - 2025-12-24 10:41:02 --> CodeIgniter\View\Exceptions\ViewException: Invalid file: "admin/products/dashboard.php"
[Method: GET, Route: admin/dashboard]
in SYSTEMPATH\Exceptions\FrameworkException.php on line 39.
 1 SYSTEMPATH\View\View.php(214): CodeIgniter\Exceptions\FrameworkException::forInvalidFile('admin/products/dashboard.php')
 2 SYSTEMPATH\Common.php(1199): CodeIgniter\View\View->render('admin/products/dashboard', [], true)
 3 APPPATH\Controllers\Admin\Product.php(26): view('admin/products/dashboard', [...])
 4 SYSTEMPATH\CodeIgniter.php(933): App\Controllers\Admin\Product->dashboard()
 5 SYSTEMPATH\CodeIgniter.php(507): CodeIgniter\CodeIgniter->runController(Object(App\Controllers\Admin\Product))
 6 SYSTEMPATH\CodeIgniter.php(354): CodeIgniter\CodeIgniter->handleRequest(null, Object(Config\Cache), false)
 7 SYSTEMPATH\Boot.php(363): CodeIgniter\CodeIgniter->run()
 8 SYSTEMPATH\Boot.php(68): CodeIgniter\Boot::runCodeIgniter(Object(CodeIgniter\CodeIgniter))
 9 FCPATH\index.php(59): CodeIgniter\Boot::bootWeb(Object(Config\Paths))
CRITICAL - 2025-12-24 10:59:58 --> CodeIgniter\View\Exceptions\ViewException: Invalid file: "admin/products/dashboard.php"
[Method: GET, Route: admin/dashboard]
in SYSTEMPATH\Exceptions\FrameworkException.php on line 39.
 1 SYSTEMPATH\View\View.php(214): CodeIgniter\Exceptions\FrameworkException::forInvalidFile('admin/products/dashboard.php')
 2 SYSTEMPATH\Common.php(1199): CodeIgniter\View\View->render('admin/products/dashboard', [], true)
 3 APPPATH\Controllers\Admin\Product.php(26): view('admin/products/dashboard', [...])
 4 SYSTEMPATH\CodeIgniter.php(933): App\Controllers\Admin\Product->dashboard()
 5 SYSTEMPATH\CodeIgniter.php(507): CodeIgniter\CodeIgniter->runController(Object(App\Controllers\Admin\Product))
 6 SYSTEMPATH\CodeIgniter.php(354): CodeIgniter\CodeIgniter->handleRequest(null, Object(Config\Cache), false)
 7 SYSTEMPATH\Boot.php(363): CodeIgniter\CodeIgniter->run()
 8 SYSTEMPATH\Boot.php(68): CodeIgniter\Boot::runCodeIgniter(Object(CodeIgniter\CodeIgniter))
 9 FCPATH\index.php(59): CodeIgniter\Boot::bootWeb(Object(Config\Paths))
CRITICAL - 2025-12-24 10:59:59 --> CodeIgniter\View\Exceptions\ViewException: Invalid file: "admin/products/dashboard.php"
[Method: GET, Route: admin/dashboard]
in SYSTEMPATH\Exceptions\FrameworkException.php on line 39.
 1 SYSTEMPATH\View\View.php(214): CodeIgniter\Exceptions\FrameworkException::forInvalidFile('admin/products/dashboard.php')
 2 SYSTEMPATH\Common.php(1199): CodeIgniter\View\View->render('admin/products/dashboard', [], true)
 3 APPPATH\Controllers\Admin\Product.php(26): view('admin/products/dashboard', [...])
 4 SYSTEMPATH\CodeIgniter.php(933): App\Controllers\Admin\Product->dashboard()
 5 SYSTEMPATH\CodeIgniter.php(507): CodeIgniter\CodeIgniter->runController(Object(App\Controllers\Admin\Product))
 6 SYSTEMPATH\CodeIgniter.php(354): CodeIgniter\CodeIgniter->handleRequest(null, Object(Config\Cache), false)
 7 SYSTEMPATH\Boot.php(363): CodeIgniter\CodeIgniter->run()
 8 SYSTEMPATH\Boot.php(68): CodeIgniter\Boot::runCodeIgniter(Object(CodeIgniter\CodeIgniter))
 9 FCPATH\index.php(59): CodeIgniter\Boot::bootWeb(Object(Config\Paths))
CRITICAL - 2025-12-24 11:01:30 --> CodeIgniter\View\Exceptions\ViewException: Invalid file: "admin/products/dashboard.php"
[Method: GET, Route: admin/dashboard]
in SYSTEMPATH\Exceptions\FrameworkException.php on line 39.
 1 SYSTEMPATH\View\View.php(214): CodeIgniter\Exceptions\FrameworkException::forInvalidFile('admin/products/dashboard.php')
 2 SYSTEMPATH\Common.php(1199): CodeIgniter\View\View->render('admin/products/dashboard', [], true)
 3 APPPATH\Controllers\Admin\Product.php(26): view('admin/products/dashboard', [...])
 4 SYSTEMPATH\CodeIgniter.php(933): App\Controllers\Admin\Product->dashboard()
 5 SYSTEMPATH\CodeIgniter.php(507): CodeIgniter\CodeIgniter->runController(Object(App\Controllers\Admin\Product))
 6 SYSTEMPATH\CodeIgniter.php(354): CodeIgniter\CodeIgniter->handleRequest(null, Object(Config\Cache), false)
 7 SYSTEMPATH\Boot.php(363): CodeIgniter\CodeIgniter->run()
 8 SYSTEMPATH\Boot.php(68): CodeIgniter\Boot::runCodeIgniter(Object(CodeIgniter\CodeIgniter))
 9 FCPATH\index.php(59): CodeIgniter\Boot::bootWeb(Object(Config\Paths))
CRITICAL - 2025-12-24 11:07:23 --> CodeIgniter\View\Exceptions\ViewException: Invalid file: "admin/products/dashboard.php"
[Method: GET, Route: admin/dashboard]
in SYSTEMPATH\Exceptions\FrameworkException.php on line 39.
 1 SYSTEMPATH\View\View.php(214): CodeIgniter\Exceptions\FrameworkException::forInvalidFile('admin/products/dashboard.php')
 2 SYSTEMPATH\Common.php(1199): CodeIgniter\View\View->render('admin/products/dashboard', [], true)
 3 APPPATH\Controllers\Admin\Product.php(26): view('admin/products/dashboard', [...])
 4 SYSTEMPATH\CodeIgniter.php(933): App\Controllers\Admin\Product->dashboard()
 5 SYSTEMPATH\CodeIgniter.php(507): CodeIgniter\CodeIgniter->runController(Object(App\Controllers\Admin\Product))
 6 SYSTEMPATH\CodeIgniter.php(354): CodeIgniter\CodeIgniter->handleRequest(null, Object(Config\Cache), false)
 7 SYSTEMPATH\Boot.php(363): CodeIgniter\CodeIgniter->run()
 8 SYSTEMPATH\Boot.php(68): CodeIgniter\Boot::runCodeIgniter(Object(CodeIgniter\CodeIgniter))
 9 FCPATH\index.php(59): CodeIgniter\Boot::bootWeb(Object(Config\Paths))
